app/build/outputs/logs/manifest-merger-release-report.txt
-- Merging decision tree log ---
manifest
ADDED from src\main\AndroidManifest.xml:2:1-89:12
	package
		ADDED from src\main\AndroidManifest.xml:2:11-36
	android:versionName
		INJECTED from src\main\AndroidManifest.xml
		INJECTED from src\main\AndroidManifest.xml
	xmlns:android
		ADDED from src\main\AndroidManifest.xml:3:11-69
	android:versionCode
		INJECTED from src\main\AndroidManifest.xml
		INJECTED from src\main\AndroidManifest.xml
uses-permission#android.permission.GET_TASKS
ADDED from src\main\AndroidManifest.xml:4:5-84
	android:name
		ADDED from src\main\AndroidManifest.xml:4:22-65
uses-permission#com.android.launcher.permission.READ_SETTINGS
ADDED from src\main\AndroidManifest.xml:5:5-84
	android:name
		ADDED from src\main\AndroidManifest.xml:5:22-82
uses-permission#android.permission.ACCESS_COARSE_LOCATION
ADDED from src\main\AndroidManifest.xml:7:5-80
	android:name
		ADDED from src\main\AndroidManifest.xml:7:22-78
uses-permission#android.permission.ACCESS_FINE_LOCATION
ADDED from src\main\AndroidManifest.xml:9:5-78
	android:name
		ADDED from src\main\AndroidManifest.xml:9:22-76
uses-permission#android.permission.ACCESS_WIFI_STATE
ADDED from src\main\AndroidManifest.xml:11:5-75
	android:name
		ADDED from src\main\AndroidManifest.xml:11:22-73
uses-permission#android.permission.ACCESS_NETWORK_STATE
ADDED from src\main\AndroidManifest.xml:13:5-78
	android:name
		ADDED from src\main\AndroidManifest.xml:13:22-76
uses-permission#android.permission.READ_PHONE_STATE
ADDED from src\main\AndroidManifest.xml:15:5-74
	android:name
		ADDED from src\main\AndroidManifest.xml:15:22-72
uses-permission#android.permission.WRITE_EXTERNAL_STORAGE
ADDED from src\main\AndroidManifest.xml:17:5-80
	android:name
		ADDED from src\main\AndroidManifest.xml:17:22-78
uses-permission#android.permission.INTERNET
ADDED from src\main\AndroidManifest.xml:19:5-66
	android:name
		ADDED from src\main\AndroidManifest.xml:19:22-64
uses-permission#android.permission.CAMERA
ADDED from src\main\AndroidManifest.xml:21:5-65
	android:name
		ADDED from src\main\AndroidManifest.xml:21:22-62
uses-permission#android.permission.VIBRATE
ADDED from src\main\AndroidManifest.xml:23:5-65
	android:name
		ADDED from src\main\AndroidManifest.xml:23:22-63
uses-feature#0x00020000
ADDED from src\main\AndroidManifest.xml:26:5-78
	android:glEsVersion
		ADDED from src\main\AndroidManifest.xml:26:19-51
	android:required
		ADDED from src\main\AndroidManifest.xml:26:52-75
application
ADDED from src\main\AndroidManifest.xml:28:5-86:19
MERGED from [com.android.support:design:26.0.0-alpha1] AndroidManifest.xml:29:5-20
MERGED from [com.android.support:transition:26.0.0-alpha1] AndroidManifest.xml:26:5-20
MERGED from [com.android.support.constraint:constraint-layout:1.0.2] AndroidManifest.xml:9:5-20
MERGED from [com.android.support:appcompat-v7:26.0.0-alpha1] AndroidManifest.xml:29:5-20
MERGED from [com.android.support:support-v4:26.0.0-alpha1] AndroidManifest.xml:29:5-20
MERGED from [com.android.support:support-media-compat:26.0.0-alpha1] AndroidManifest.xml:29:5-20
MERGED from [com.android.support:support-fragment:26.0.0-alpha1] AndroidManifest.xml:29:5-20
MERGED from [com.android.support:support-core-ui:26.0.0-alpha1] AndroidManifest.xml:29:5-20
MERGED from [com.android.support:support-core-utils:26.0.0-alpha1] AndroidManifest.xml:29:5-20
MERGED from [com.android.support:animated-vector-drawable:26.0.0-alpha1] AndroidManifest.xml:26:5-20
MERGED from [com.android.support:support-vector-drawable:26.0.0-alpha1] AndroidManifest.xml:26:5-20
MERGED from [com.android.support:support-compat:26.0.0-alpha1] AndroidManifest.xml:29:5-20
MERGED from [:viewpagerindicator:] AndroidManifest.xml:11:5-14:19
	android:label
		ADDED from src\main\AndroidManifest.xml:32:9-41
	android:supportsRtl
		ADDED from src\main\AndroidManifest.xml:34:9-35
	android:allowBackup
		ADDED from src\main\AndroidManifest.xml:30:9-35
	android:icon
		ADDED from src\main\AndroidManifest.xml:31:9-43
	android:theme
		ADDED from src\main\AndroidManifest.xml:33:9-65
	android:name
		ADDED from src\main\AndroidManifest.xml:29:9-55
meta-data#com.baidu.lbsapi.API_KEY
ADDED from src\main\AndroidManifest.xml:35:9-37:63
	android:value
		ADDED from src\main\AndroidManifest.xml:37:13-61
	android:name
		ADDED from src\main\AndroidManifest.xml:36:13-52
meta-data#com.fengmap.mapapi.appkey
ADDED from src\main\AndroidManifest.xml:39:9-41:63
	android:value
		ADDED from src\main\AndroidManifest.xml:41:13-61
	android:name
		ADDED from src\main\AndroidManifest.xml:40:13-53
activity#com.baidu.myapp.activity.BNaviGuideActivity
ADDED from src\main\AndroidManifest.xml:42:9-46:20
	android:configChanges
		ADDED from src\main\AndroidManifest.xml:43:13-170
	android:name
		ADDED from src\main\AndroidManifest.xml:42:19-77
activity#com.baidu.myapp.MainActivity
ADDED from src\main\AndroidManifest.xml:47:9-56:20
	android:screenOrientation
		ADDED from src\main\AndroidManifest.xml:48:13-56
	android:launchMode
		ADDED from src\main\AndroidManifest.xml:49:13-43
	android:configChanges
		ADDED from src\main\AndroidManifest.xml:47:49-206
	android:name
		ADDED from src\main\AndroidManifest.xml:47:19-47
intent-filter#android.intent.action.MAIN+android.intent.category.LAUNCHER
ADDED from src\main\AndroidManifest.xml:51:13-55:29
action#android.intent.action.MAIN
ADDED from src\main\AndroidManifest.xml:52:17-68
	android:name
		ADDED from src\main\AndroidManifest.xml:52:25-66
category#android.intent.category.LAUNCHER
ADDED from src\main\AndroidManifest.xml:54:17-76
	android:name
		ADDED from src\main\AndroidManifest.xml:54:27-74
activity#com.baidu.myapp.activity.WNaviGuideActivity
ADDED from src\main\AndroidManifest.xml:58:9-60:20
	android:name
		ADDED from src\main\AndroidManifest.xml:58:19-77
activity#com.baidu.myapp.activity.ViewPagerTest
ADDED from src\main\AndroidManifest.xml:61:9-63:20
	android:name
		ADDED from src\main\AndroidManifest.xml:61:19-57
activity#com.baidu.myapp.test.Markein
ADDED from src\main\AndroidManifest.xml:64:9-59
	android:name
		ADDED from src\main\AndroidManifest.xml:64:19-47
activity#com.baidu.myapp.test.OverlayDemo
ADDED from src\main\AndroidManifest.xml:65:9-63
	android:name
		ADDED from src\main\AndroidManifest.xml:65:19-51
activity#com.baidu.myapp.search.BusLineSearchDemo
ADDED from src\main\AndroidManifest.xml:66:9-71
	android:name
		ADDED from src\main\AndroidManifest.xml:66:19-59
activity#com.baidu.myapp.activity.FNmapActivity
ADDED from src\main\AndroidManifest.xml:67:9-70:15
	android:screenOrientation
		ADDED from src\main\AndroidManifest.xml:69:13-56
	android:configChanges
		ADDED from src\main\AndroidManifest.xml:68:13-170
	android:name
		ADDED from src\main\AndroidManifest.xml:67:19-57
activity#com.baidu.myapp.search.RoutePlanDemo
ADDED from src\main\AndroidManifest.xml:71:9-57
	android:name
		ADDED from src\main\AndroidManifest.xml:71:19-55
activity#com.baidu.myapp.activity.scenic.ScenicActivity
ADDED from src\main\AndroidManifest.xml:72:9-75:15
	android:screenOrientation
		ADDED from src\main\AndroidManifest.xml:74:13-56
	android:configChanges
		ADDED from src\main\AndroidManifest.xml:73:13-170
	android:name
		ADDED from src\main\AndroidManifest.xml:72:19-65
activity#com.baidu.myapp.activity.FoodStoreActivity
ADDED from src\main\AndroidManifest.xml:76:9-79:15
	android:screenOrientation
		ADDED from src\main\AndroidManifest.xml:78:13-56
	android:configChanges
		ADDED from src\main\AndroidManifest.xml:77:13-170
	android:name
		ADDED from src\main\AndroidManifest.xml:76:19-76
activity#com.baidu.myapp.detail.DetailActivity
ADDED from src\main\AndroidManifest.xml:80:9-82:15
	android:theme
		ADDED from src\main\AndroidManifest.xml:81:13-59
	android:name
		ADDED from src\main\AndroidManifest.xml:80:19-56
service#com.baidu.location.f
ADDED from src\main\AndroidManifest.xml:83:9-84:19
	android:enabled
		ADDED from src\main\AndroidManifest.xml:83:54-76
	android:process
		ADDED from src\main\AndroidManifest.xml:83:77-102
	android:name
		ADDED from src\main\AndroidManifest.xml:83:18-53
uses-sdk
INJECTED from src\main\AndroidManifest.xml reason: use-sdk injection requested
MERGED from [com.android.support:design:26.0.0-alpha1] AndroidManifest.xml:21:5-23:62
MERGED from [com.android.support:recyclerview-v7:26.0.0-alpha1] AndroidManifest.xml:20:5-44
MERGED from [com.android.support:transition:26.0.0-alpha1] AndroidManifest.xml:20:5-44
MERGED from [com.android.support.constraint:constraint-layout:1.0.2] AndroidManifest.xml:5:5-7:41
MERGED from [jp.wasabeef:fresco-processors:2.1.0] AndroidManifest.xml:8:5-10:41
MERGED from [com.facebook.fresco:fresco:1.2.0] AndroidManifest.xml:5:5-7:41
MERGED from [com.facebook.fresco:drawee:1.2.0] AndroidManifest.xml:5:5-7:41
MERGED from [com.facebook.fresco:imagepipeline:1.2.0] AndroidManifest.xml:5:5-7:41
MERGED from [com.facebook.fresco:imagepipeline-base:1.2.0] AndroidManifest.xml:5:5-7:41
MERGED from [com.facebook.fresco:fbcore:1.2.0] AndroidManifest.xml:5:5-7:41
MERGED from [com.github.CymChad:BaseRecyclerViewAdapterHelper:2.9.25] AndroidManifest.xml:7:5-9:41
MERGED from [com.github.florent37:viewanimator:1.0.5] AndroidManifest.xml:8:5-10:41
MERGED from [com.android.support:appcompat-v7:26.0.0-alpha1] AndroidManifest.xml:21:5-23:78
MERGED from [com.android.support:support-v4:26.0.0-alpha1] AndroidManifest.xml:21:5-23:54
MERGED from [com.android.support:support-media-compat:26.0.0-alpha1] AndroidManifest.xml:21:5-23:63
MERGED from [com.android.support:support-fragment:26.0.0-alpha1] AndroidManifest.xml:21:5-23:60
MERGED from [com.android.support:support-core-ui:26.0.0-alpha1] AndroidManifest.xml:21:5-23:58
MERGED from [com.android.support:support-core-utils:26.0.0-alpha1] AndroidManifest.xml:21:5-23:61
MERGED from [com.android.support:animated-vector-drawable:26.0.0-alpha1] AndroidManifest.xml:20:5-44
MERGED from [com.android.support:support-vector-drawable:26.0.0-alpha1] AndroidManifest.xml:20:5-44
MERGED from [com.android.support:support-compat:26.0.0-alpha1] AndroidManifest.xml:21:5-23:58
MERGED from [:viewpagerindicator:] AndroidManifest.xml:7:5-9:41
	tools:overrideLibrary
		ADDED from [com.android.support:design:26.0.0-alpha1] AndroidManifest.xml:23:9-59
	android:targetSdkVersion
		INJECTED from src\main\AndroidManifest.xml
		INJECTED from src\main\AndroidManifest.xml
	android:minSdkVersion
		INJECTED from src\main\AndroidManifest.xml
		INJECTED from src\main\AndroidManifest.xml
meta-data#android.support.VERSION
ADDED from [com.android.support:design:26.0.0-alpha1] AndroidManifest.xml:25:5-27:41
MERGED from [com.android.support:recyclerview-v7:26.0.0-alpha1] AndroidManifest.xml:22:5-24:41
MERGED from [com.android.support:transition:26.0.0-alpha1] AndroidManifest.xml:22:5-24:41
MERGED from [com.android.support:appcompat-v7:26.0.0-alpha1] AndroidManifest.xml:25:5-27:41
MERGED from [com.android.support:support-v4:26.0.0-alpha1] AndroidManifest.xml:25:5-27:41
MERGED from [com.android.support:support-media-compat:26.0.0-alpha1] AndroidManifest.xml:25:5-27:41
MERGED from [com.android.support:support-fragment:26.0.0-alpha1] AndroidManifest.xml:25:5-27:41
MERGED from [com.android.support:support-core-ui:26.0.0-alpha1] AndroidManifest.xml:25:5-27:41
MERGED from [com.android.support:support-core-utils:26.0.0-alpha1] AndroidManifest.xml:25:5-27:41
MERGED from [com.android.support:animated-vector-drawable:26.0.0-alpha1] AndroidManifest.xml:22:5-24:41
MERGED from [com.android.support:support-vector-drawable:26.0.0-alpha1] AndroidManifest.xml:22:5-24:41
MERGED from [com.android.support:support-compat:26.0.0-alpha1] AndroidManifest.xml:25:5-27:41
	android:value
		ADDED from [com.android.support:design:26.0.0-alpha1] AndroidManifest.xml:27:9-38
	android:name
		ADDED from [com.android.support:design:26.0.0-alpha1] AndroidManifest.xml:26:9-47